Using pre-set license
Built from '2020.3/staging' branch; Version is '2020.3.22f1 (e1a7f79fd887) revision 14788599'; Using compiler version '192528614'; Build Type 'Release'
OS: 'Windows 10 Home Single Language; OS build 19043.1348; Version 2009; 64bit' Language: 'tr' Physical Memory: 16204 MB
BatchMode: 1, IsHumanControllingUs: 0, StartBugReporterOnCrash: 0, Is64bit: 1, IsPro: 0

COMMAND LINE ARGUMENTS:
C:\Program Files\Unity\Hub\Editor\2020.3.22f1\Editor\Unity.exe
-adb2
-batchMode
-noUpm
-name
AssetImportWorker0
-projectPath
C:/Users/AliCe/OneDrive/Belgeler/GitHub/PumpkinJamProject
-logFile
Logs/AssetImportWorker0.log
-srvPort
64562
Successfully changed project path to: C:/Users/AliCe/OneDrive/Belgeler/GitHub/PumpkinJamProject
C:/Users/AliCe/OneDrive/Belgeler/GitHub/PumpkinJamProject
Using Asset Import Pipeline V2.
Refreshing native plugins compatible for Editor in 28.09 ms, found 2 plugins.
Preloading 0 native plugins for Editor in 0.00 ms.
Initialize engine version: 2020.3.22f1 (e1a7f79fd887)
[Subsystems] Discovering subsystems at path C:/Program Files/Unity/Hub/Editor/2020.3.22f1/Editor/Data/Resources/UnitySubsystems
[Subsystems] Discovering subsystems at path C:/Users/AliCe/OneDrive/Belgeler/GitHub/PumpkinJamProject/Assets
GfxDevice: creating device client; threaded=0
Direct3D:
    Version:  Direct3D 11.0 [level 11.1]
    Renderer: NVIDIA GeForce RTX 3060 Laptop GPU (ID=0x2520)
    Vendor:   
    VRAM:     6023 MB
    Driver:   27.21.14.6692
Initialize mono
Mono path[0] = 'C:/Program Files/Unity/Hub/Editor/2020.3.22f1/Editor/Data/Managed'
Mono path[1] = 'C:/Program Files/Unity/Hub/Editor/2020.3.22f1/Editor/Data/MonoBleedingEdge/lib/mono/unityjit'
Mono config path = 'C:/Program Files/Unity/Hub/Editor/2020.3.22f1/Editor/Data/MonoBleedingEdge/etc'
Using monoOptions --debugger-agent=transport=dt_socket,embedding=1,server=y,suspend=n,address=127.0.0.1:56948
Begin MonoManager ReloadAssembly
Registering precompiled unity dll's ...
Register platform support module: C:/Program Files/Unity/Hub/Editor/2020.3.22f1/Editor/Data/PlaybackEngines/WindowsStandaloneSupport/UnityEditor.WindowsStandalone.Extensions.dll
Registered in 0.002717 seconds.
Native extension for WindowsStandalone target not found
Refreshing native plugins compatible for Editor in 26.93 ms, found 2 plugins.
Preloading 0 native plugins for Editor in 0.00 ms.
Mono: successfully reloaded assembly
- Completed reload, in  0.983 seconds
Domain Reload Profiling:
	ReloadAssembly (983ms)
		BeginReloadAssembly (51ms)
			ExecutionOrderSort (0ms)
			DisableScriptedObjects (0ms)
			BackupInstance (0ms)
			ReleaseScriptingObjects (0ms)
			CreateAndSetChildDomain (1ms)
		EndReloadAssembly (383ms)
			LoadAssemblies (49ms)
			RebuildTransferFunctionScriptingTraits (0ms)
			SetupTypeCache (133ms)
			ReleaseScriptCaches (0ms)
			RebuildScriptCaches (25ms)
			SetupLoadedEditorAssemblies (139ms)
				LogAssemblyErrors (0ms)
				InitializePlatformSupportModulesInManaged (3ms)
				SetLoadedEditorAssemblies (0ms)
				RefreshPlugins (27ms)
				BeforeProcessingInitializeOnLoad (14ms)
				ProcessInitializeOnLoadAttributes (69ms)
				ProcessInitializeOnLoadMethodAttributes (24ms)
				AfterProcessingInitializeOnLoad (0ms)
				EditorAssembliesLoaded (0ms)
			ExecutionOrderSort2 (0ms)
			AwakeInstancesAfterBackupRestoration (0ms)
Platform modules already initialized, skipping
Registering precompiled user dll's ...
Registered in 0.004772 seconds.
Begin MonoManager ReloadAssembly
Native extension for WindowsStandalone target not found
Refreshing native plugins compatible for Editor in 0.27 ms, found 2 plugins.
Preloading 0 native plugins for Editor in 0.00 ms.
Mono: successfully reloaded assembly
- Completed reload, in  0.908 seconds
Domain Reload Profiling:
	ReloadAssembly (909ms)
		BeginReloadAssembly (130ms)
			ExecutionOrderSort (0ms)
			DisableScriptedObjects (4ms)
			BackupInstance (0ms)
			ReleaseScriptingObjects (0ms)
			CreateAndSetChildDomain (16ms)
		EndReloadAssembly (717ms)
			LoadAssemblies (79ms)
			RebuildTransferFunctionScriptingTraits (0ms)
			SetupTypeCache (245ms)
			ReleaseScriptCaches (0ms)
			RebuildScriptCaches (34ms)
			SetupLoadedEditorAssemblies (282ms)
				LogAssemblyErrors (0ms)
				InitializePlatformSupportModulesInManaged (4ms)
				SetLoadedEditorAssemblies (0ms)
				RefreshPlugins (0ms)
				BeforeProcessingInitializeOnLoad (76ms)
				ProcessInitializeOnLoadAttributes (185ms)
				ProcessInitializeOnLoadMethodAttributes (8ms)
				AfterProcessingInitializeOnLoad (7ms)
				EditorAssembliesLoaded (0ms)
			ExecutionOrderSort2 (0ms)
			AwakeInstancesAfterBackupRestoration (6ms)
Platform modules already initialized, skipping
========================================================================
Worker process is ready to serve import requests
Launched and connected shader compiler UnityShaderCompiler.exe after 0.03 seconds
Refreshing native plugins compatible for Editor in 0.29 ms, found 2 plugins.
Preloading 0 native plugins for Editor in 0.00 ms.
Unloading 1488 Unused Serialized files (Serialized files now loaded: 0)
System memory in use before: 67.1 MB.
System memory in use after: 67.2 MB.

Unloading 19 unused Assets to reduce memory usage. Loaded Objects now: 1920.
Total: 2.366300 ms (FindLiveObjects: 0.122100 ms CreateObjectMapping: 0.041900 ms MarkObjects: 2.153900 ms  DeleteObjects: 0.047600 ms)

AssetImportParameters requested are different than current active one (requested -> active):
  custom:framework-win-MediaFoundation: 216162199b28c13a410421893ffa2e32 -> 
  custom:video-decoder-ogg-theora: a1e56fd34408186e4bbccfd4996cb3dc -> 
  custom:container-muxer-webm: aa71ff27fc2769a1b78a27578f13a17b -> 
  custom:container-demuxer-webm: 4f35f7cbe854078d1ac9338744f61a02 -> 
  custom:container-demuxer-ogg: 62fdf1f143b41e24485cea50d1cbac27 -> 
  custom:video-encoder-webm-vp8: eb34c28f22e8b96e1ab97ce403110664 -> 
  custom:video-decoder-webm-vp8: 9c59270c3fd7afecdb556c50c9e8de78 -> 
  custom:audio-decoder-ogg-vorbis: bf7c407c2cedff20999df2af8eb42d56 -> 
  custom:audio-encoder-webm-vorbis: bf7c407c2cedff20999df2af8eb42d56 -> 
========================================================================
Received Import Request.
  path: Assets/Textures
  artifactKey: Guid(5097212d3347f05498f57121cb8f8045) Importer(815301076,1909f56bfc062723c751e8b465ee728b)
Start importing Assets/Textures using Guid(5097212d3347f05498f57121cb8f8045) Importer(815301076,1909f56bfc062723c751e8b465ee728b)  -> (artifact id: 'f657cdac3d5827e3426800082abbbdf2') in 0.003491 seconds 
  Import took 0.005230 seconds .

========================================================================
Received Import Request.
  Time since last request: 1.366248 seconds.
  path: Assets/Models
  artifactKey: Guid(9c1021b491ba7b041b347c86b9bf228b) Importer(815301076,1909f56bfc062723c751e8b465ee728b)
Start importing Assets/Models using Guid(9c1021b491ba7b041b347c86b9bf228b) Importer(815301076,1909f56bfc062723c751e8b465ee728b)  -> (artifact id: 'e08fff91441ec07c536a16f1e03d5f61') in 0.001919 seconds 
  Import took 0.004265 seconds .

========================================================================
Received Import Request.
  Time since last request: 0.088376 seconds.
  path: Assets/Models/ing.anahatrı.fbx
  artifactKey: Guid(ff5bc052775b5354989e6f68df6a5004) Importer(815301076,1909f56bfc062723c751e8b465ee728b)
Start importing Assets/Models/ing.anahatrı.fbx using Guid(ff5bc052775b5354989e6f68df6a5004) Importer(815301076,1909f56bfc062723c751e8b465ee728b)  -> (artifact id: 'e4d4c7603a6543da55c38f5624ed9840') in 0.063727 seconds 
  Import took 0.065904 seconds .

========================================================================
Received Import Request.
  Time since last request: 10.860849 seconds.
  path: Assets/Textures/ImphenziaPalette01-256-Gradient.png
  artifactKey: Guid(188ad4903df6911498ad0c3d88c3b4b1) Importer(815301076,1909f56bfc062723c751e8b465ee728b)
Start importing Assets/Textures/ImphenziaPalette01-256-Gradient.png using Guid(188ad4903df6911498ad0c3d88c3b4b1) Importer(815301076,1909f56bfc062723c751e8b465ee728b)  -> (artifact id: '7a824bf36b1ddff140cfd0cc2d0bfefc') in 0.029979 seconds 
  Import took 0.032648 seconds .

========================================================================
Received Import Request.
  Time since last request: 422.880489 seconds.
  path: Assets
  artifactKey: Guid(00000000000000001000000000000000) Importer(815301076,1909f56bfc062723c751e8b465ee728b)
Start importing Assets using Guid(00000000000000001000000000000000) Importer(815301076,1909f56bfc062723c751e8b465ee728b)  -> (artifact id: '42d402b061de3733987d63b9cc3b64de') in 0.002127 seconds 
  Import took 0.004641 seconds .

========================================================================
Received Import Request.
  Time since last request: 111.312244 seconds.
  path: Assets/New Material.mat
  artifactKey: Guid(aff3fa464cd63054494a2dd359a0b906) Importer(815301076,1909f56bfc062723c751e8b465ee728b)
Start importing Assets/New Material.mat using Guid(aff3fa464cd63054494a2dd359a0b906) Importer(815301076,1909f56bfc062723c751e8b465ee728b)  -> (artifact id: '48bea22a8a383de920a8853c815b4f13') in 0.072549 seconds 
  Import took 0.075813 seconds .

========================================================================
Received Import Request.
  Time since last request: 44.710475 seconds.
  path: Assets/New Material.mat
  artifactKey: Guid(aff3fa464cd63054494a2dd359a0b906) Importer(815301076,1909f56bfc062723c751e8b465ee728b)
Start importing Assets/New Material.mat using Guid(aff3fa464cd63054494a2dd359a0b906) Importer(815301076,1909f56bfc062723c751e8b465ee728b)  -> (artifact id: '6d6cc7b40c88f4f310436b0c20dc1994') in 0.007411 seconds 
  Import took 0.009841 seconds .

AssetImportWorkerClient::OnTransportError - code=2 error=End of file
